<?xml version="1.0" encoding="UTF-8"?>
<!-- Generated by org.testng.reporters.JUnitReportReporter -->
<testsuite hostname="DESKTOP-C4DB2QQ" failures="0" tests="1" name="testcases.CalLoanTest" time="0.001" errors="0" timestamp="16 Apr 2023 03:58:43 GMT" skipped="0">
  <testcase classname="testcases.CalLoanTest" name="test3" time="0.001"/>
</testsuite> <!-- testcases.CalLoanTest -->
